# JRE version: Java(TM) SE Runtime Environment (8.0_131-b11) (build 1.8.0_131-b11)
# Java VM: Java HotSpot(TM) 64-Bit Server VM (25.131-b11 mixed mode windows-amd64 compressed oops)
Heap:
 PSYoungGen      total 43520K, used 7200K [0x00000000d5e00000, 0x00000000da600000, 0x0000000100000000)
  eden space 29184K, 0% used [0x00000000d5e00000,0x00000000d5e00000,0x00000000d7a80000)
  from space 14336K, 50% used [0x00000000d8800000,0x00000000d8f08080,0x00000000d9600000)
  to   space 13824K, 0% used [0x00000000d7a80000,0x00000000d7a80000,0x00000000d8800000)
 ParOldGen       total 57344K, used 14549K [0x0000000081a00000, 0x0000000085200000, 0x00000000d5e00000)
  object space 57344K, 25% used [0x0000000081a00000,0x0000000082835418,0x0000000085200000)
 Metaspace       used 57509K, capacity 58916K, committed 58968K, reserved 1099776K
  class space    used 7230K, capacity 8038K, committed 8064K, reserved 1048576K
GC Heap History (10 events):
Event: 129129.452 GC heap after
Heap after GC invocations=12 (full 2):
 PSYoungGen      total 42496K, used 8360K [0x00000000d5e00000, 0x00000000d9580000, 0x0000000100000000)
  eden space 30208K, 0% used [0x00000000d5e00000,0x00000000d5e00000,0x00000000d7b80000)
  from space 12288K, 68% used [0x00000000d8980000,0x00000000d91aa3e0,0x00000000d9580000)
  to   space 13312K, 0% used [0x00000000d7b80000,0x00000000d7b80000,0x00000000d8880000)
 ParOldGen       total 57344K, used 14517K [0x0000000081a00000, 0x0000000085200000, 0x00000000d5e00000)
  object space 57344K, 25% used [0x0000000081a00000,0x000000008282d418,0x0000000085200000)
 Metaspace       used 46831K, capacity 47900K, committed 48088K, reserved 1091584K
  class space    used 5754K, capacity 6294K, committed 6400K, reserved 1048576K
}
Event: 131030.937 GC heap before
{Heap before GC invocations=13 (full 2):
 PSYoungGen      total 42496K, used 38568K [0x00000000d5e00000, 0x00000000d9580000, 0x0000000100000000)
  eden space 30208K, 100% used [0x00000000d5e00000,0x00000000d7b80000,0x00000000d7b80000)
  from space 12288K, 68% used [0x00000000d8980000,0x00000000d91aa3e0,0x00000000d9580000)
  to   space 13312K, 0% used [0x00000000d7b80000,0x00000000d7b80000,0x00000000d8880000)
 ParOldGen       total 57344K, used 14517K [0x0000000081a00000, 0x0000000085200000, 0x00000000d5e00000)
  object space 57344K, 25% used [0x0000000081a00000,0x000000008282d418,0x0000000085200000)
 Metaspace       used 49823K, capacity 50986K, committed 51288K, reserved 1093632K
  class space    used 6164K, capacity 6763K, committed 6784K, reserved 1048576K
Event: 131030.999 GC heap after
Heap after GC invocations=13 (full 2):
 PSYoungGen      total 38400K, used 8502K [0x00000000d5e00000, 0x00000000d9500000, 0x0000000100000000)
  eden space 29696K, 0% used [0x00000000d5e00000,0x00000000d5e00000,0x00000000d7b00000)
  from space 8704K, 97% used [0x00000000d7b80000,0x00000000d83cd860,0x00000000d8400000)
  to   space 13312K, 0% used [0x00000000d8800000,0x00000000d8800000,0x00000000d9500000)
 ParOldGen       total 57344K, used 14525K [0x0000000081a00000, 0x0000000085200000, 0x00000000d5e00000)
  object space 57344K, 25% used [0x0000000081a00000,0x000000008282f418,0x0000000085200000)
 Metaspace       used 49823K, capacity 50986K, committed 51288K, reserved 1093632K
  class space    used 6164K, capacity 6763K, committed 6784K, reserved 1048576K
}
Event: 172318.684 GC heap before
{Heap before GC invocations=14 (full 2):
 PSYoungGen      total 38400K, used 38198K [0x00000000d5e00000, 0x00000000d9500000, 0x0000000100000000)
  eden space 29696K, 100% used [0x00000000d5e00000,0x00000000d7b00000,0x00000000d7b00000)
  from space 8704K, 97% used [0x00000000d7b80000,0x00000000d83cd860,0x00000000d8400000)
  to   space 13312K, 0% used [0x00000000d8800000,0x00000000d8800000,0x00000000d9500000)
 ParOldGen       total 57344K, used 14525K [0x0000000081a00000, 0x0000000085200000, 0x00000000d5e00000)
  object space 57344K, 25% used [0x0000000081a00000,0x000000008282f418,0x0000000085200000)
 Metaspace       used 53321K, capacity 54692K, committed 55000K, reserved 1097728K
  class space    used 6651K, capacity 7334K, committed 7424K, reserved 1048576K
Event: 172318.718 GC heap after
Heap after GC invocations=14 (full 2):
 PSYoungGen      total 41984K, used 9673K [0x00000000d5e00000, 0x00000000d9480000, 0x0000000100000000)
  eden space 29184K, 0% used [0x00000000d5e00000,0x00000000d5e00000,0x00000000d7a80000)
  from space 12800K, 75% used [0x00000000d8800000,0x00000000d91726d0,0x00000000d9480000)
  to   space 13312K, 0% used [0x00000000d7a80000,0x00000000d7a80000,0x00000000d8780000)
 ParOldGen       total 57344K, used 14533K [0x0000000081a00000, 0x0000000085200000, 0x00000000d5e00000)
  object space 57344K, 25% used [0x0000000081a00000,0x0000000082831418,0x0000000085200000)
 Metaspace       used 53321K, capacity 54692K, committed 55000K, reserved 1097728K
  class space    used 6651K, capacity 7334K, committed 7424K, reserved 1048576K
}
Event: 172678.499 GC heap before
{Heap before GC invocations=15 (full 2):
 PSYoungGen      total 41984K, used 38743K [0x00000000d5e00000, 0x00000000d9480000, 0x0000000100000000)
  eden space 29184K, 99% used [0x00000000d5e00000,0x00000000d7a63640,0x00000000d7a80000)
  from space 12800K, 75% used [0x00000000d8800000,0x00000000d91726d0,0x00000000d9480000)
  to   space 13312K, 0% used [0x00000000d7a80000,0x00000000d7a80000,0x00000000d8780000)
 ParOldGen       total 57344K, used 14533K [0x0000000081a00000, 0x0000000085200000, 0x00000000d5e00000)
  object space 57344K, 25% used [0x0000000081a00000,0x0000000082831418,0x0000000085200000)
 Metaspace       used 57430K, capacity 58810K, committed 58968K, reserved 1099776K
  class space    used 7220K, capacity 8000K, committed 8064K, reserved 1048576K
Event: 172678.570 GC heap after
Heap after GC invocations=15 (full 2):
 PSYoungGen      total 41984K, used 11627K [0x00000000d5e00000, 0x00000000d9600000, 0x0000000100000000)
  eden space 28672K, 0% used [0x00000000d5e00000,0x00000000d5e00000,0x00000000d7a00000)
  from space 13312K, 87% used [0x00000000d7a80000,0x00000000d85dac20,0x00000000d8780000)
  to   space 14336K, 0% used [0x00000000d8800000,0x00000000d8800000,0x00000000d9600000)
 ParOldGen       total 57344K, used 14541K [0x0000000081a00000, 0x0000000085200000, 0x00000000d5e00000)
  object space 57344K, 25% used [0x0000000081a00000,0x0000000082833418,0x0000000085200000)
 Metaspace       used 57430K, capacity 58810K, committed 58968K, reserved 1099776K
  class space    used 7220K, capacity 8000K, committed 8064K, reserved 1048576K
}
Event: 172678.596 GC heap before
{Heap before GC invocations=16 (full 2):
 PSYoungGen      total 41984K, used 12977K [0x00000000d5e00000, 0x00000000d9600000, 0x0000000100000000)
  eden space 28672K, 4% used [0x00000000d5e00000,0x00000000d5f51898,0x00000000d7a00000)
  from space 13312K, 87% used [0x00000000d7a80000,0x00000000d85dac20,0x00000000d8780000)
  to   space 14336K, 0% used [0x00000000d8800000,0x00000000d8800000,0x00000000d9600000)
 ParOldGen       total 57344K, used 14541K [0x0000000081a00000, 0x0000000085200000, 0x00000000d5e00000)
  object space 57344K, 25% used [0x0000000081a00000,0x0000000082833418,0x0000000085200000)
 Metaspace       used 57509K, capacity 58916K, committed 58968K, reserved 1099776K
  class space    used 7230K, capacity 8038K, committed 8064K, reserved 1048576K
Event: 172678.617 GC heap after
Heap after GC invocations=16 (full 2):
 PSYoungGen      total 43520K, used 7200K [0x00000000d5e00000, 0x00000000da600000, 0x0000000100000000)
  eden space 29184K, 0% used [0x00000000d5e00000,0x00000000d5e00000,0x00000000d7a80000)
  from space 14336K, 50% used [0x00000000d8800000,0x00000000d8f08080,0x00000000d9600000)
  to   space 13824K, 0% used [0x00000000d7a80000,0x00000000d7a80000,0x00000000d8800000)
 ParOldGen       total 57344K, used 14549K [0x0000000081a00000, 0x0000000085200000, 0x00000000d5e00000)
  object space 57344K, 25% used [0x0000000081a00000,0x0000000082835418,0x0000000085200000)
 Metaspace       used 57509K, capacity 58916K, committed 58968K, reserved 1099776K
  class space    used 7230K, capacity 8038K, committed 8064K, reserved 1048576K
}
Event: 172678.629 GC heap before
{Heap before GC invocations=17 (full 3):
 PSYoungGen      total 43520K, used 7200K [0x00000000d5e00000, 0x00000000da600000, 0x0000000100000000)
  eden space 29184K, 0% used [0x00000000d5e00000,0x00000000d5e00000,0x00000000d7a80000)
  from space 14336K, 50% used [0x00000000d8800000,0x00000000d8f08080,0x00000000d9600000)
  to   space 13824K, 0% used [0x00000000d7a80000,0x00000000d7a80000,0x00000000d8800000)
 ParOldGen       total 57344K, used 14549K [0x0000000081a00000, 0x0000000085200000, 0x00000000d5e00000)
  object space 57344K, 25% used [0x0000000081a00000,0x0000000082835418,0x0000000085200000)
 Metaspace       used 57509K, capacity 58916K, committed 58968K, reserved 1099776K
  class space    used 7230K, capacity 8038K, committed 8064K, reserved 1048576K

